{"/Users/karen/Code/interviews/questions/src/app/services/NavigationService.js": {"path":"/Users/karen/Code/interviews/questions/src/app/services/NavigationService.js","statementMap":{"0":{"start":{"line":6,"column":2},"end":{"line":6,"column":27}},"1":{"start":{"line":10,"column":2},"end":{"line":15,"column":3}}},"fnMap":{"0":{"name":"setTopLevelNavigator","decl":{"start":{"line":5,"column":9},"end":{"line":5,"column":29}},"loc":{"start":{"line":5,"column":45},"end":{"line":7,"column":1}},"line":5},"1":{"name":"navigate","decl":{"start":{"line":9,"column":9},"end":{"line":9,"column":17}},"loc":{"start":{"line":9,"column":38},"end":{"line":16,"column":1}},"line":9}},"branchMap":{},"s":{"0":0,"1":0},"f":{"0":0,"1":0},"b":{},"_coverageSchema":"332fd63041d2c1bcb487cc26dd0d5f7d97098a6c","hash":"30c176cbaa3a077676a6ffa7e37481bf5f4819ce"}
,"/Users/karen/Code/interviews/questions/src/components/Alert/index.js": {"path":"/Users/karen/Code/interviews/questions/src/components/Alert/index.js","statementMap":{"0":{"start":{"line":6,"column":14},"end":{"line":35,"column":1}},"1":{"start":{"line":7,"column":39},"end":{"line":7,"column":44}},"2":{"start":{"line":9,"column":2},"end":{"line":34,"column":3}}},"fnMap":{"0":{"name":"(anonymous_0)","decl":{"start":{"line":6,"column":14},"end":{"line":6,"column":15}},"loc":{"start":{"line":6,"column":25},"end":{"line":35,"column":1}},"line":6}},"branchMap":{"0":{"loc":{"start":{"line":13,"column":12},"end":{"line":17,"column":11}},"type":"binary-expr","locations":[{"start":{"line":13,"column":12},"end":{"line":13,"column":17}},{"start":{"line":14,"column":12},"end":{"line":16,"column":19}}],"line":13},"1":{"loc":{"start":{"line":18,"column":12},"end":{"line":22,"column":11}},"type":"binary-expr","locations":[{"start":{"line":18,"column":12},"end":{"line":18,"column":20}},{"start":{"line":19,"column":12},"end":{"line":21,"column":19}}],"line":18},"2":{"loc":{"start":{"line":23,"column":12},"end":{"line":27,"column":11}},"type":"binary-expr","locations":[{"start":{"line":23,"column":12},"end":{"line":23,"column":19}},{"start":{"line":24,"column":12},"end":{"line":26,"column":19}}],"line":23}},"s":{"0":1,"1":4,"2":4},"f":{"0":4},"b":{"0":[4,3],"1":[4,2],"2":[4,1]},"_coverageSchema":"332fd63041d2c1bcb487cc26dd0d5f7d97098a6c","hash":"f7fd0502355cd1167de3d3fd581dea029bd15010"}
,"/Users/karen/Code/interviews/questions/src/components/Alert/statics/styles.js": {"path":"/Users/karen/Code/interviews/questions/src/components/Alert/statics/styles.js","statementMap":{"0":{"start":{"line":3,"column":15},"end":{"line":3,"column":39}},"1":{"start":{"line":5,"column":22},"end":{"line":44,"column":1}}},"fnMap":{},"branchMap":{},"s":{"0":1,"1":1},"f":{},"b":{},"_coverageSchema":"332fd63041d2c1bcb487cc26dd0d5f7d97098a6c","hash":"44398c51998dae27bec6b62f35f344660416358f"}
,"/Users/karen/Code/interviews/questions/src/components/Button/Button.js": {"path":"/Users/karen/Code/interviews/questions/src/components/Button/Button.js","statementMap":{"0":{"start":{"line":6,"column":15},"end":{"line":33,"column":1}},"1":{"start":{"line":7,"column":75},"end":{"line":7,"column":80}},"2":{"start":{"line":9,"column":23},"end":{"line":12,"column":3}},"3":{"start":{"line":14,"column":2},"end":{"line":32,"column":3}}},"fnMap":{"0":{"name":"(anonymous_0)","decl":{"start":{"line":6,"column":15},"end":{"line":6,"column":16}},"loc":{"start":{"line":6,"column":24},"end":{"line":33,"column":1}},"line":6}},"branchMap":{"0":{"loc":{"start":{"line":20,"column":8},"end":{"line":20,"column":33}},"type":"binary-expr","locations":[{"start":{"line":20,"column":8},"end":{"line":20,"column":15}},{"start":{"line":20,"column":19},"end":{"line":20,"column":33}}],"line":20},"1":{"loc":{"start":{"line":21,"column":8},"end":{"line":21,"column":35}},"type":"binary-expr","locations":[{"start":{"line":21,"column":8},"end":{"line":21,"column":16}},{"start":{"line":21,"column":20},"end":{"line":21,"column":35}}],"line":21},"2":{"loc":{"start":{"line":22,"column":8},"end":{"line":22,"column":33}},"type":"binary-expr","locations":[{"start":{"line":22,"column":8},"end":{"line":22,"column":15}},{"start":{"line":22,"column":19},"end":{"line":22,"column":33}}],"line":22},"3":{"loc":{"start":{"line":25,"column":7},"end":{"line":25,"column":142}},"type":"binary-expr","locations":[{"start":{"line":25,"column":7},"end":{"line":25,"column":27}},{"start":{"line":25,"column":31},"end":{"line":25,"column":142}}],"line":25},"4":{"loc":{"start":{"line":25,"column":106},"end":{"line":25,"column":137}},"type":"cond-expr","locations":[{"start":{"line":25,"column":116},"end":{"line":25,"column":125}},{"start":{"line":25,"column":128},"end":{"line":25,"column":137}}],"line":25},"5":{"loc":{"start":{"line":28,"column":8},"end":{"line":28,"column":37}},"type":"binary-expr","locations":[{"start":{"line":28,"column":8},"end":{"line":28,"column":15}},{"start":{"line":28,"column":19},"end":{"line":28,"column":37}}],"line":28},"6":{"loc":{"start":{"line":29,"column":8},"end":{"line":29,"column":37}},"type":"binary-expr","locations":[{"start":{"line":29,"column":8},"end":{"line":29,"column":15}},{"start":{"line":29,"column":19},"end":{"line":29,"column":37}}],"line":29}},"s":{"0":8,"1":1,"2":1,"3":1},"f":{"0":1},"b":{"0":[1,0],"1":[1,0],"2":[1,0],"3":[1,0],"4":[0,0],"5":[1,0],"6":[1,0]},"_coverageSchema":"332fd63041d2c1bcb487cc26dd0d5f7d97098a6c","hash":"04da0cb52a2ac3046fd02d29982d006550accb8e"}
,"/Users/karen/Code/interviews/questions/src/components/Button/index.js": {"path":"/Users/karen/Code/interviews/questions/src/components/Button/index.js","statementMap":{"0":{"start":{"line":9,"column":4},"end":{"line":9,"column":16}},"1":{"start":{"line":11,"column":4},"end":{"line":14,"column":5}},"2":{"start":{"line":18,"column":33},"end":{"line":18,"column":43}},"3":{"start":{"line":20,"column":4},"end":{"line":23,"column":6}},"4":{"start":{"line":27,"column":33},"end":{"line":27,"column":43}},"5":{"start":{"line":29,"column":4},"end":{"line":31,"column":5}},"6":{"start":{"line":30,"column":6},"end":{"line":30,"column":39}},"7":{"start":{"line":33,"column":4},"end":{"line":35,"column":5}},"8":{"start":{"line":34,"column":6},"end":{"line":34,"column":33}},"9":{"start":{"line":37,"column":4},"end":{"line":39,"column":5}},"10":{"start":{"line":38,"column":6},"end":{"line":38,"column":31}},"11":{"start":{"line":43,"column":4},"end":{"line":48,"column":5}},"12":{"start":{"line":44,"column":6},"end":{"line":47,"column":8}},"13":{"start":{"line":50,"column":4},"end":{"line":52,"column":5}},"14":{"start":{"line":51,"column":6},"end":{"line":51,"column":26}},"15":{"start":{"line":56,"column":33},"end":{"line":56,"column":43}},"16":{"start":{"line":58,"column":4},"end":{"line":65,"column":5}},"17":{"start":{"line":69,"column":0},"end":{"line":71,"column":1}}},"fnMap":{"0":{"name":"(anonymous_0)","decl":{"start":{"line":8,"column":2},"end":{"line":8,"column":3}},"loc":{"start":{"line":8,"column":22},"end":{"line":15,"column":3}},"line":8},"1":{"name":"(anonymous_1)","decl":{"start":{"line":17,"column":2},"end":{"line":17,"column":3}},"loc":{"start":{"line":17,"column":23},"end":{"line":24,"column":3}},"line":17},"2":{"name":"(anonymous_2)","decl":{"start":{"line":26,"column":2},"end":{"line":26,"column":3}},"loc":{"start":{"line":26,"column":32},"end":{"line":40,"column":3}},"line":26},"3":{"name":"(anonymous_3)","decl":{"start":{"line":42,"column":12},"end":{"line":42,"column":13}},"loc":{"start":{"line":42,"column":18},"end":{"line":53,"column":3}},"line":42},"4":{"name":"(anonymous_4)","decl":{"start":{"line":55,"column":2},"end":{"line":55,"column":3}},"loc":{"start":{"line":55,"column":12},"end":{"line":66,"column":3}},"line":55}},"branchMap":{"0":{"loc":{"start":{"line":21,"column":14},"end":{"line":21,"column":46}},"type":"cond-expr","locations":[{"start":{"line":21,"column":31},"end":{"line":21,"column":37}},{"start":{"line":21,"column":40},"end":{"line":21,"column":46}}],"line":21},"1":{"loc":{"start":{"line":22,"column":16},"end":{"line":22,"column":51}},"type":"cond-expr","locations":[{"start":{"line":22,"column":35},"end":{"line":22,"column":43}},{"start":{"line":22,"column":46},"end":{"line":22,"column":51}}],"line":22},"2":{"loc":{"start":{"line":29,"column":4},"end":{"line":31,"column":5}},"type":"if","locations":[{"start":{"line":29,"column":4},"end":{"line":31,"column":5}},{"start":{"line":29,"column":4},"end":{"line":31,"column":5}}],"line":29},"3":{"loc":{"start":{"line":33,"column":4},"end":{"line":35,"column":5}},"type":"if","locations":[{"start":{"line":33,"column":4},"end":{"line":35,"column":5}},{"start":{"line":33,"column":4},"end":{"line":35,"column":5}}],"line":33},"4":{"loc":{"start":{"line":37,"column":4},"end":{"line":39,"column":5}},"type":"if","locations":[{"start":{"line":37,"column":4},"end":{"line":39,"column":5}},{"start":{"line":37,"column":4},"end":{"line":39,"column":5}}],"line":37},"5":{"loc":{"start":{"line":43,"column":4},"end":{"line":48,"column":5}},"type":"if","locations":[{"start":{"line":43,"column":4},"end":{"line":48,"column":5}},{"start":{"line":43,"column":4},"end":{"line":48,"column":5}}],"line":43},"6":{"loc":{"start":{"line":50,"column":4},"end":{"line":52,"column":5}},"type":"if","locations":[{"start":{"line":50,"column":4},"end":{"line":52,"column":5}},{"start":{"line":50,"column":4},"end":{"line":52,"column":5}}],"line":50}},"s":{"0":1,"1":1,"2":0,"3":0,"4":0,"5":0,"6":0,"7":0,"8":0,"9":0,"10":0,"11":2,"12":1,"13":2,"14":2,"15":4,"16":4,"17":7},"f":{"0":1,"1":0,"2":0,"3":2,"4":4},"b":{"0":[0,0],"1":[0,0],"2":[0,0],"3":[0,0],"4":[0,0],"5":[1,1],"6":[2,0]},"_coverageSchema":"332fd63041d2c1bcb487cc26dd0d5f7d97098a6c","hash":"337083ed4e0bfdb2c89d65b81a500b59103cabc0"}
,"/Users/karen/Code/interviews/questions/src/components/Button/statics/styles.js": {"path":"/Users/karen/Code/interviews/questions/src/components/Button/statics/styles.js","statementMap":{},"fnMap":{},"branchMap":{},"s":{},"f":{},"b":{},"_coverageSchema":"332fd63041d2c1bcb487cc26dd0d5f7d97098a6c","hash":"79f86e007bb3e776f84e2197e7be5f7faba39a91"}
,"/Users/karen/Code/interviews/questions/src/components/EmptyCard/index.js": {"path":"/Users/karen/Code/interviews/questions/src/components/EmptyCard/index.js","statementMap":{"0":{"start":{"line":6,"column":18},"end":{"line":14,"column":1}},"1":{"start":{"line":7,"column":20},"end":{"line":7,"column":25}},"2":{"start":{"line":9,"column":2},"end":{"line":13,"column":3}}},"fnMap":{"0":{"name":"(anonymous_0)","decl":{"start":{"line":6,"column":18},"end":{"line":6,"column":19}},"loc":{"start":{"line":6,"column":27},"end":{"line":14,"column":1}},"line":6}},"branchMap":{},"s":{"0":4,"1":3,"2":3},"f":{"0":3},"b":{},"_coverageSchema":"332fd63041d2c1bcb487cc26dd0d5f7d97098a6c","hash":"64a5ec3fd929dc3becf5954f30177e7c8e02f45c"}
,"/Users/karen/Code/interviews/questions/src/components/EmptyCard/statics/styles.js": {"path":"/Users/karen/Code/interviews/questions/src/components/EmptyCard/statics/styles.js","statementMap":{},"fnMap":{},"branchMap":{},"s":{},"f":{},"b":{},"_coverageSchema":"332fd63041d2c1bcb487cc26dd0d5f7d97098a6c","hash":"87725d32c7303de96d8d8286df8c27e1b2add18e"}
,"/Users/karen/Code/interviews/questions/src/modules/questions/actions.js": {"path":"/Users/karen/Code/interviews/questions/src/modules/questions/actions.js","statementMap":{"0":{"start":{"line":3,"column":24},"end":{"line":3,"column":48}},"1":{"start":{"line":4,"column":28},"end":{"line":4,"column":57}},"2":{"start":{"line":5,"column":31},"end":{"line":5,"column":63}},"3":{"start":{"line":6,"column":31},"end":{"line":6,"column":63}},"4":{"start":{"line":8,"column":27},"end":{"line":8,"column":54}},"5":{"start":{"line":9,"column":30},"end":{"line":9,"column":60}}},"fnMap":{},"branchMap":{},"s":{"0":2,"1":2,"2":2,"3":2,"4":2,"5":2},"f":{},"b":{},"_coverageSchema":"332fd63041d2c1bcb487cc26dd0d5f7d97098a6c","hash":"70c1d849f0b2e4180617ddefc8d6c0b9fdd3084d"}
,"/Users/karen/Code/interviews/questions/src/modules/questions/constants.js": {"path":"/Users/karen/Code/interviews/questions/src/modules/questions/constants.js","statementMap":{"0":{"start":{"line":1,"column":25},"end":{"line":1,"column":36}}},"fnMap":{},"branchMap":{},"s":{"0":3},"f":{},"b":{},"_coverageSchema":"332fd63041d2c1bcb487cc26dd0d5f7d97098a6c","hash":"f3b4c45dcc894b72c76ab05f384e5ca65e7edbb3"}
,"/Users/karen/Code/interviews/questions/src/modules/questions/helpers.js": {"path":"/Users/karen/Code/interviews/questions/src/modules/questions/helpers.js","statementMap":{"0":{"start":{"line":1,"column":25},"end":{"line":1,"column":48}},"1":{"start":{"line":1,"column":33},"end":{"line":1,"column":48}}},"fnMap":{"0":{"name":"(anonymous_0)","decl":{"start":{"line":1,"column":25},"end":{"line":1,"column":26}},"loc":{"start":{"line":1,"column":33},"end":{"line":1,"column":48}},"line":1}},"branchMap":{},"s":{"0":4,"1":6},"f":{"0":6},"b":{},"_coverageSchema":"332fd63041d2c1bcb487cc26dd0d5f7d97098a6c","hash":"18ea094584e347d46844e36bd93d711e65ae47e6"}
,"/Users/karen/Code/interviews/questions/src/modules/questions/reducers.js": {"path":"/Users/karen/Code/interviews/questions/src/modules/questions/reducers.js","statementMap":{"0":{"start":{"line":5,"column":21},"end":{"line":10,"column":1}},"1":{"start":{"line":12,"column":16},"end":{"line":43,"column":16}},"2":{"start":{"line":13,"column":36},"end":{"line":16,"column":3}},"3":{"start":{"line":18,"column":49},"end":{"line":22,"column":3}},"4":{"start":{"line":24,"column":49},"end":{"line":28,"column":3}},"5":{"start":{"line":30,"column":45},"end":{"line":36,"column":3}},"6":{"start":{"line":38,"column":48},"end":{"line":41,"column":3}}},"fnMap":{"0":{"name":"(anonymous_0)","decl":{"start":{"line":13,"column":26},"end":{"line":13,"column":27}},"loc":{"start":{"line":13,"column":36},"end":{"line":16,"column":3}},"line":13},"1":{"name":"(anonymous_1)","decl":{"start":{"line":18,"column":29},"end":{"line":18,"column":30}},"loc":{"start":{"line":18,"column":49},"end":{"line":22,"column":3}},"line":18},"2":{"name":"(anonymous_2)","decl":{"start":{"line":24,"column":29},"end":{"line":24,"column":30}},"loc":{"start":{"line":24,"column":49},"end":{"line":28,"column":3}},"line":24},"3":{"name":"(anonymous_3)","decl":{"start":{"line":30,"column":25},"end":{"line":30,"column":26}},"loc":{"start":{"line":30,"column":45},"end":{"line":36,"column":3}},"line":30},"4":{"name":"(anonymous_4)","decl":{"start":{"line":38,"column":28},"end":{"line":38,"column":29}},"loc":{"start":{"line":38,"column":48},"end":{"line":41,"column":3}},"line":38}},"branchMap":{},"s":{"0":1,"1":1,"2":1,"3":1,"4":1,"5":1,"6":1},"f":{"0":1,"1":1,"2":1,"3":1,"4":1},"b":{},"_coverageSchema":"332fd63041d2c1bcb487cc26dd0d5f7d97098a6c","hash":"4f77e2aa6943eea1c1fb437cdd1236060f525aad"}
,"/Users/karen/Code/interviews/questions/src/modules/questions/sagas.js": {"path":"/Users/karen/Code/interviews/questions/src/modules/questions/sagas.js","statementMap":{"0":{"start":{"line":8,"column":2},"end":{"line":8,"column":43}},"1":{"start":{"line":10,"column":25},"end":{"line":10,"column":83}},"2":{"start":{"line":12,"column":2},"end":{"line":15,"column":3}},"3":{"start":{"line":13,"column":4},"end":{"line":13,"column":68}},"4":{"start":{"line":14,"column":4},"end":{"line":14,"column":20}},"5":{"start":{"line":17,"column":2},"end":{"line":17,"column":79}},"6":{"start":{"line":19,"column":2},"end":{"line":19,"column":16}},"7":{"start":{"line":23,"column":2},"end":{"line":23,"column":51}}},"fnMap":{"0":{"name":"fetchAllWorker","decl":{"start":{"line":7,"column":18},"end":{"line":7,"column":32}},"loc":{"start":{"line":7,"column":36},"end":{"line":20,"column":1}},"line":7},"1":{"name":"fetchAllWatcher","decl":{"start":{"line":22,"column":18},"end":{"line":22,"column":33}},"loc":{"start":{"line":22,"column":37},"end":{"line":24,"column":1}},"line":22}},"branchMap":{"0":{"loc":{"start":{"line":12,"column":2},"end":{"line":15,"column":3}},"type":"if","locations":[{"start":{"line":12,"column":2},"end":{"line":15,"column":3}},{"start":{"line":12,"column":2},"end":{"line":15,"column":3}}],"line":12},"1":{"loc":{"start":{"line":12,"column":6},"end":{"line":12,"column":19}},"type":"binary-expr","locations":[{"start":{"line":12,"column":6},"end":{"line":12,"column":10}},{"start":{"line":12,"column":14},"end":{"line":12,"column":19}}],"line":12}},"s":{"0":2,"1":2,"2":2,"3":1,"4":1,"5":1,"6":1,"7":0},"f":{"0":2,"1":0},"b":{"0":[1,1],"1":[2,1]},"_coverageSchema":"332fd63041d2c1bcb487cc26dd0d5f7d97098a6c","hash":"ddd0f29973b75f5e313da5d29c473c95168ec581"}
,"/Users/karen/Code/interviews/questions/src/modules/questions/selectors.js": {"path":"/Users/karen/Code/interviews/questions/src/modules/questions/selectors.js","statementMap":{"0":{"start":{"line":4,"column":25},"end":{"line":4,"column":56}},"1":{"start":{"line":4,"column":34},"end":{"line":4,"column":56}},"2":{"start":{"line":5,"column":25},"end":{"line":5,"column":60}},"3":{"start":{"line":5,"column":34},"end":{"line":5,"column":60}},"4":{"start":{"line":6,"column":22},"end":{"line":6,"column":54}},"5":{"start":{"line":6,"column":31},"end":{"line":6,"column":54}},"6":{"start":{"line":7,"column":21},"end":{"line":7,"column":52}},"7":{"start":{"line":7,"column":30},"end":{"line":7,"column":52}},"8":{"start":{"line":9,"column":35},"end":{"line":13,"column":1}},"9":{"start":{"line":11,"column":10},"end":{"line":12,"column":49}},"10":{"start":{"line":12,"column":27},"end":{"line":12,"column":45}}},"fnMap":{"0":{"name":"(anonymous_0)","decl":{"start":{"line":4,"column":25},"end":{"line":4,"column":26}},"loc":{"start":{"line":4,"column":34},"end":{"line":4,"column":56}},"line":4},"1":{"name":"(anonymous_1)","decl":{"start":{"line":5,"column":25},"end":{"line":5,"column":26}},"loc":{"start":{"line":5,"column":34},"end":{"line":5,"column":60}},"line":5},"2":{"name":"(anonymous_2)","decl":{"start":{"line":6,"column":22},"end":{"line":6,"column":23}},"loc":{"start":{"line":6,"column":31},"end":{"line":6,"column":54}},"line":6},"3":{"name":"(anonymous_3)","decl":{"start":{"line":7,"column":21},"end":{"line":7,"column":22}},"loc":{"start":{"line":7,"column":30},"end":{"line":7,"column":52}},"line":7},"4":{"name":"(anonymous_4)","decl":{"start":{"line":11,"column":2},"end":{"line":11,"column":3}},"loc":{"start":{"line":11,"column":10},"end":{"line":12,"column":49}},"line":11},"5":{"name":"(anonymous_5)","decl":{"start":{"line":12,"column":12},"end":{"line":12,"column":13}},"loc":{"start":{"line":12,"column":27},"end":{"line":12,"column":45}},"line":12}},"branchMap":{},"s":{"0":1,"1":1,"2":1,"3":2,"4":1,"5":1,"6":1,"7":1,"8":1,"9":1,"10":3},"f":{"0":1,"1":2,"2":1,"3":1,"4":1,"5":3},"b":{},"_coverageSchema":"332fd63041d2c1bcb487cc26dd0d5f7d97098a6c","hash":"feb0d7b8e515bf00732776338bea049a73ad559d"}
,"/Users/karen/Code/interviews/questions/src/modules/questions/components/List/List.js": {"path":"/Users/karen/Code/interviews/questions/src/modules/questions/components/List/List.js","statementMap":{"0":{"start":{"line":7,"column":13},"end":{"line":23,"column":1}},"1":{"start":{"line":8,"column":19},"end":{"line":8,"column":24}},"2":{"start":{"line":10,"column":2},"end":{"line":22,"column":3}},"3":{"start":{"line":12,"column":6},"end":{"line":12,"column":35}},"4":{"start":{"line":15,"column":6},"end":{"line":15,"column":36}},"5":{"start":{"line":18,"column":6},"end":{"line":18,"column":35}},"6":{"start":{"line":21,"column":6},"end":{"line":21,"column":35}}},"fnMap":{"0":{"name":"(anonymous_0)","decl":{"start":{"line":7,"column":13},"end":{"line":7,"column":14}},"loc":{"start":{"line":7,"column":22},"end":{"line":23,"column":1}},"line":7}},"branchMap":{"0":{"loc":{"start":{"line":10,"column":2},"end":{"line":22,"column":3}},"type":"switch","locations":[{"start":{"line":11,"column":4},"end":{"line":12,"column":35}},{"start":{"line":14,"column":4},"end":{"line":15,"column":36}},{"start":{"line":17,"column":4},"end":{"line":18,"column":35}},{"start":{"line":20,"column":4},"end":{"line":21,"column":35}}],"line":10}},"s":{"0":2,"1":4,"2":4,"3":1,"4":1,"5":1,"6":1},"f":{"0":4},"b":{"0":[1,1,1,1]},"_coverageSchema":"332fd63041d2c1bcb487cc26dd0d5f7d97098a6c","hash":"894c61b83c7ec23ce219cc6f7b5e4cc67696f2a1"}
,"/Users/karen/Code/interviews/questions/src/modules/questions/components/List/index.js": {"path":"/Users/karen/Code/interviews/questions/src/modules/questions/components/List/index.js","statementMap":{"0":{"start":{"line":8,"column":4},"end":{"line":8,"column":16}},"1":{"start":{"line":10,"column":4},"end":{"line":12,"column":5}},"2":{"start":{"line":16,"column":21},"end":{"line":16,"column":31}},"3":{"start":{"line":18,"column":4},"end":{"line":20,"column":6}},"4":{"start":{"line":24,"column":21},"end":{"line":24,"column":31}},"5":{"start":{"line":26,"column":4},"end":{"line":32,"column":5}}},"fnMap":{"0":{"name":"(anonymous_0)","decl":{"start":{"line":7,"column":2},"end":{"line":7,"column":3}},"loc":{"start":{"line":7,"column":22},"end":{"line":13,"column":3}},"line":7},"1":{"name":"(anonymous_1)","decl":{"start":{"line":15,"column":15},"end":{"line":15,"column":16}},"loc":{"start":{"line":15,"column":26},"end":{"line":21,"column":3}},"line":15},"2":{"name":"(anonymous_2)","decl":{"start":{"line":23,"column":2},"end":{"line":23,"column":3}},"loc":{"start":{"line":23,"column":12},"end":{"line":33,"column":3}},"line":23}},"branchMap":{"0":{"loc":{"start":{"line":19,"column":12},"end":{"line":19,"column":48}},"type":"cond-expr","locations":[{"start":{"line":19,"column":30},"end":{"line":19,"column":37}},{"start":{"line":19,"column":40},"end":{"line":19,"column":48}}],"line":19}},"s":{"0":1,"1":1,"2":3,"3":3,"4":7,"5":7},"f":{"0":1,"1":3,"2":7},"b":{"0":[2,1]},"_coverageSchema":"332fd63041d2c1bcb487cc26dd0d5f7d97098a6c","hash":"1cfbc78f4e91e0b5d54233008a6410d75d247bdb"}
,"/Users/karen/Code/interviews/questions/src/modules/questions/components/StepTemplate/index.js": {"path":"/Users/karen/Code/interviews/questions/src/modules/questions/components/StepTemplate/index.js","statementMap":{"0":{"start":{"line":6,"column":21},"end":{"line":22,"column":1}},"1":{"start":{"line":7,"column":46},"end":{"line":7,"column":51}},"2":{"start":{"line":9,"column":2},"end":{"line":21,"column":3}}},"fnMap":{"0":{"name":"(anonymous_0)","decl":{"start":{"line":6,"column":21},"end":{"line":6,"column":22}},"loc":{"start":{"line":6,"column":30},"end":{"line":22,"column":1}},"line":6}},"branchMap":{},"s":{"0":7,"1":3,"2":3},"f":{"0":3},"b":{},"_coverageSchema":"332fd63041d2c1bcb487cc26dd0d5f7d97098a6c","hash":"f07fbbd03a6a088294d727d3522c16b3afc0c3b3"}
,"/Users/karen/Code/interviews/questions/src/modules/questions/components/StepTemplate/statics/styles.js": {"path":"/Users/karen/Code/interviews/questions/src/modules/questions/components/StepTemplate/statics/styles.js","statementMap":{},"fnMap":{},"branchMap":{},"s":{},"f":{},"b":{},"_coverageSchema":"332fd63041d2c1bcb487cc26dd0d5f7d97098a6c","hash":"243e4192d1aeace39cb59eaf23175d9ca28fd590"}
,"/Users/karen/Code/interviews/questions/src/modules/questions/components/Steps/Question/Question.js": {"path":"/Users/karen/Code/interviews/questions/src/modules/questions/components/Steps/Question/Question.js","statementMap":{"0":{"start":{"line":9,"column":17},"end":{"line":43,"column":1}},"1":{"start":{"line":10,"column":65},"end":{"line":10,"column":70}},"2":{"start":{"line":13,"column":4},"end":{"line":15,"column":11}},"3":{"start":{"line":19,"column":4},"end":{"line":36,"column":11}},"4":{"start":{"line":28,"column":25},"end":{"line":28,"column":81}},"5":{"start":{"line":33,"column":25},"end":{"line":33,"column":80}},"6":{"start":{"line":38,"column":2},"end":{"line":42,"column":3}}},"fnMap":{"0":{"name":"(anonymous_0)","decl":{"start":{"line":9,"column":17},"end":{"line":9,"column":18}},"loc":{"start":{"line":9,"column":26},"end":{"line":43,"column":1}},"line":9},"1":{"name":"(anonymous_1)","decl":{"start":{"line":28,"column":19},"end":{"line":28,"column":20}},"loc":{"start":{"line":28,"column":25},"end":{"line":28,"column":81}},"line":28},"2":{"name":"(anonymous_2)","decl":{"start":{"line":33,"column":19},"end":{"line":33,"column":20}},"loc":{"start":{"line":33,"column":25},"end":{"line":33,"column":80}},"line":33}},"branchMap":{},"s":{"0":3,"1":0,"2":0,"3":0,"4":0,"5":0,"6":0},"f":{"0":0,"1":0,"2":0},"b":{},"_coverageSchema":"332fd63041d2c1bcb487cc26dd0d5f7d97098a6c","hash":"b8531eb4f4f20d1d5bf39de01f55cc3a2f5d749f"}
,"/Users/karen/Code/interviews/questions/src/modules/questions/components/Steps/Question/index.js": {"path":"/Users/karen/Code/interviews/questions/src/modules/questions/components/Steps/Question/index.js","statementMap":{"0":{"start":{"line":9,"column":4},"end":{"line":9,"column":16}},"1":{"start":{"line":11,"column":4},"end":{"line":13,"column":5}},"2":{"start":{"line":17,"column":28},"end":{"line":17,"column":38}},"3":{"start":{"line":18,"column":26},"end":{"line":18,"column":36}},"4":{"start":{"line":20,"column":4},"end":{"line":22,"column":6}},"5":{"start":{"line":24,"column":4},"end":{"line":32,"column":5}},"6":{"start":{"line":25,"column":6},"end":{"line":27,"column":7}},"7":{"start":{"line":26,"column":8},"end":{"line":26,"column":42}},"8":{"start":{"line":29,"column":6},"end":{"line":31,"column":7}},"9":{"start":{"line":30,"column":8},"end":{"line":30,"column":31}},"10":{"start":{"line":36,"column":26},"end":{"line":36,"column":36}},"11":{"start":{"line":37,"column":28},"end":{"line":37,"column":38}},"12":{"start":{"line":39,"column":21},"end":{"line":39,"column":43}},"13":{"start":{"line":41,"column":4},"end":{"line":50,"column":5}}},"fnMap":{"0":{"name":"(anonymous_0)","decl":{"start":{"line":8,"column":2},"end":{"line":8,"column":3}},"loc":{"start":{"line":8,"column":22},"end":{"line":14,"column":3}},"line":8},"1":{"name":"(anonymous_1)","decl":{"start":{"line":16,"column":19},"end":{"line":16,"column":20}},"loc":{"start":{"line":16,"column":31},"end":{"line":33,"column":3}},"line":16},"2":{"name":"(anonymous_2)","decl":{"start":{"line":35,"column":2},"end":{"line":35,"column":3}},"loc":{"start":{"line":35,"column":12},"end":{"line":51,"column":3}},"line":35}},"branchMap":{"0":{"loc":{"start":{"line":24,"column":4},"end":{"line":32,"column":5}},"type":"if","locations":[{"start":{"line":24,"column":4},"end":{"line":32,"column":5}},{"start":{"line":24,"column":4},"end":{"line":32,"column":5}}],"line":24},"1":{"loc":{"start":{"line":25,"column":6},"end":{"line":27,"column":7}},"type":"if","locations":[{"start":{"line":25,"column":6},"end":{"line":27,"column":7}},{"start":{"line":25,"column":6},"end":{"line":27,"column":7}}],"line":25},"2":{"loc":{"start":{"line":29,"column":6},"end":{"line":31,"column":7}},"type":"if","locations":[{"start":{"line":29,"column":6},"end":{"line":31,"column":7}},{"start":{"line":29,"column":6},"end":{"line":31,"column":7}}],"line":29}},"s":{"0":1,"1":1,"2":2,"3":2,"4":2,"5":2,"6":2,"7":0,"8":0,"9":0,"10":4,"11":4,"12":4,"13":4},"f":{"0":1,"1":2,"2":4},"b":{"0":[2,0],"1":[0,2],"2":[0,0]},"_coverageSchema":"332fd63041d2c1bcb487cc26dd0d5f7d97098a6c","hash":"6fd3da34f958b9fd50bc662b1e5293513cfd8fa6"}
,"/Users/karen/Code/interviews/questions/src/modules/questions/components/Steps/Question/statics/styles.js": {"path":"/Users/karen/Code/interviews/questions/src/modules/questions/components/Steps/Question/statics/styles.js","statementMap":{},"fnMap":{},"branchMap":{},"s":{},"f":{},"b":{},"_coverageSchema":"332fd63041d2c1bcb487cc26dd0d5f7d97098a6c","hash":"db8e8ccd16e5220b3b5cf7539d471a5af5fc768e"}
,"/Users/karen/Code/interviews/questions/src/modules/questions/components/Steps/Results/Results.js": {"path":"/Users/karen/Code/interviews/questions/src/modules/questions/components/Steps/Results/Results.js","statementMap":{"0":{"start":{"line":9,"column":16},"end":{"line":39,"column":1}},"1":{"start":{"line":10,"column":53},"end":{"line":10,"column":58}},"2":{"start":{"line":13,"column":4},"end":{"line":18,"column":11}},"3":{"start":{"line":22,"column":4},"end":{"line":22,"column":60}},"4":{"start":{"line":25,"column":2},"end":{"line":38,"column":3}},"5":{"start":{"line":30,"column":12},"end":{"line":33,"column":19}}},"fnMap":{"0":{"name":"(anonymous_0)","decl":{"start":{"line":9,"column":16},"end":{"line":9,"column":17}},"loc":{"start":{"line":9,"column":25},"end":{"line":39,"column":1}},"line":9},"1":{"name":"(anonymous_1)","decl":{"start":{"line":29,"column":26},"end":{"line":29,"column":27}},"loc":{"start":{"line":30,"column":12},"end":{"line":33,"column":19}},"line":30}},"branchMap":{"0":{"loc":{"start":{"line":31,"column":43},"end":{"line":31,"column":69}},"type":"cond-expr","locations":[{"start":{"line":31,"column":60},"end":{"line":31,"column":63}},{"start":{"line":31,"column":66},"end":{"line":31,"column":69}}],"line":31}},"s":{"0":4,"1":1,"2":1,"3":1,"4":1,"5":1},"f":{"0":1,"1":1},"b":{"0":[1,0]},"_coverageSchema":"332fd63041d2c1bcb487cc26dd0d5f7d97098a6c","hash":"5770b9a228afca2b2e7047e90d7b71a8072f550c"}
,"/Users/karen/Code/interviews/questions/src/modules/questions/components/Steps/Results/index.js": {"path":"/Users/karen/Code/interviews/questions/src/modules/questions/components/Steps/Results/index.js","statementMap":{"0":{"start":{"line":7,"column":4},"end":{"line":10,"column":5}},"1":{"start":{"line":8,"column":6},"end":{"line":8,"column":35}},"2":{"start":{"line":9,"column":6},"end":{"line":9,"column":30}},"3":{"start":{"line":14,"column":4},"end":{"line":16,"column":5}},"4":{"start":{"line":15,"column":6},"end":{"line":15,"column":35}},"5":{"start":{"line":20,"column":4},"end":{"line":25,"column":5}}},"fnMap":{"0":{"name":"(anonymous_0)","decl":{"start":{"line":6,"column":14},"end":{"line":6,"column":15}},"loc":{"start":{"line":6,"column":20},"end":{"line":11,"column":3}},"line":6},"1":{"name":"(anonymous_1)","decl":{"start":{"line":13,"column":2},"end":{"line":13,"column":3}},"loc":{"start":{"line":13,"column":26},"end":{"line":17,"column":3}},"line":13},"2":{"name":"(anonymous_2)","decl":{"start":{"line":19,"column":2},"end":{"line":19,"column":3}},"loc":{"start":{"line":19,"column":12},"end":{"line":26,"column":3}},"line":19}},"branchMap":{"0":{"loc":{"start":{"line":7,"column":4},"end":{"line":10,"column":5}},"type":"if","locations":[{"start":{"line":7,"column":4},"end":{"line":10,"column":5}},{"start":{"line":7,"column":4},"end":{"line":10,"column":5}}],"line":7},"1":{"loc":{"start":{"line":7,"column":8},"end":{"line":7,"column":60}},"type":"binary-expr","locations":[{"start":{"line":7,"column":8},"end":{"line":7,"column":29}},{"start":{"line":7,"column":33},"end":{"line":7,"column":60}}],"line":7},"2":{"loc":{"start":{"line":14,"column":4},"end":{"line":16,"column":5}},"type":"if","locations":[{"start":{"line":14,"column":4},"end":{"line":16,"column":5}},{"start":{"line":14,"column":4},"end":{"line":16,"column":5}}],"line":14}},"s":{"0":0,"1":0,"2":0,"3":0,"4":0,"5":1},"f":{"0":0,"1":0,"2":1},"b":{"0":[0,0],"1":[0,0],"2":[0,0]},"_coverageSchema":"332fd63041d2c1bcb487cc26dd0d5f7d97098a6c","hash":"08cd180cc8b316e83d7cb603eef97f646ed006e3"}
,"/Users/karen/Code/interviews/questions/src/modules/questions/components/Steps/Results/statics/styles.js": {"path":"/Users/karen/Code/interviews/questions/src/modules/questions/components/Steps/Results/statics/styles.js","statementMap":{},"fnMap":{},"branchMap":{},"s":{},"f":{},"b":{},"_coverageSchema":"332fd63041d2c1bcb487cc26dd0d5f7d97098a6c","hash":"edb311cf14e8a3292f8cf18e5342e8aefdcb6878"}
,"/Users/karen/Code/interviews/questions/src/modules/questions/components/Steps/Welcome/index.js": {"path":"/Users/karen/Code/interviews/questions/src/modules/questions/components/Steps/Welcome/index.js","statementMap":{"0":{"start":{"line":10,"column":16},"end":{"line":31,"column":1}},"1":{"start":{"line":11,"column":33},"end":{"line":11,"column":38}},"2":{"start":{"line":14,"column":4},"end":{"line":19,"column":19}},"3":{"start":{"line":18,"column":21},"end":{"line":18,"column":34}},"4":{"start":{"line":22,"column":2},"end":{"line":30,"column":3}}},"fnMap":{"0":{"name":"(anonymous_0)","decl":{"start":{"line":10,"column":16},"end":{"line":10,"column":17}},"loc":{"start":{"line":10,"column":25},"end":{"line":31,"column":1}},"line":10},"1":{"name":"(anonymous_1)","decl":{"start":{"line":18,"column":15},"end":{"line":18,"column":16}},"loc":{"start":{"line":18,"column":21},"end":{"line":18,"column":34}},"line":18}},"branchMap":{},"s":{"0":3,"1":1,"2":1,"3":0,"4":1},"f":{"0":1,"1":0},"b":{},"_coverageSchema":"332fd63041d2c1bcb487cc26dd0d5f7d97098a6c","hash":"e06be50f45511edad91ca39387d91480aab76993"}
,"/Users/karen/Code/interviews/questions/src/modules/questions/components/Steps/Welcome/statics/styles.js": {"path":"/Users/karen/Code/interviews/questions/src/modules/questions/components/Steps/Welcome/statics/styles.js","statementMap":{},"fnMap":{},"branchMap":{},"s":{},"f":{},"b":{},"_coverageSchema":"332fd63041d2c1bcb487cc26dd0d5f7d97098a6c","hash":"18a9de2dc95f310a28bfa53b2f49c54f6eec8ef4"}
,"/Users/karen/Code/interviews/questions/src/modules/splash/index.js": {"path":"/Users/karen/Code/interviews/questions/src/modules/splash/index.js","statementMap":{"0":{"start":{"line":9,"column":4},"end":{"line":11,"column":6}},"1":{"start":{"line":15,"column":4},"end":{"line":15,"column":28}},"2":{"start":{"line":19,"column":4},"end":{"line":25,"column":5}}},"fnMap":{"0":{"name":"(anonymous_0)","decl":{"start":{"line":7,"column":22},"end":{"line":7,"column":23}},"loc":{"start":{"line":7,"column":34},"end":{"line":12,"column":3}},"line":7},"1":{"name":"(anonymous_1)","decl":{"start":{"line":14,"column":2},"end":{"line":14,"column":3}},"loc":{"start":{"line":14,"column":23},"end":{"line":16,"column":3}},"line":14},"2":{"name":"(anonymous_2)","decl":{"start":{"line":18,"column":2},"end":{"line":18,"column":3}},"loc":{"start":{"line":18,"column":12},"end":{"line":26,"column":3}},"line":18}},"branchMap":{},"s":{"0":0,"1":0,"2":1},"f":{"0":0,"1":0,"2":1},"b":{},"_coverageSchema":"332fd63041d2c1bcb487cc26dd0d5f7d97098a6c","hash":"4d628f0787a9b2aca636ee6bde0b4daa4f536231"}
,"/Users/karen/Code/interviews/questions/src/modules/splash/statics/styles.js": {"path":"/Users/karen/Code/interviews/questions/src/modules/splash/statics/styles.js","statementMap":{"0":{"start":{"line":3,"column":22},"end":{"line":24,"column":2}}},"fnMap":{},"branchMap":{},"s":{"0":1},"f":{},"b":{},"_coverageSchema":"332fd63041d2c1bcb487cc26dd0d5f7d97098a6c","hash":"fc21fa3787a99adfc9c16ac3fbd75a65193c67d8"}
,"/Users/karen/Code/interviews/questions/src/utils/api/axios.js": {"path":"/Users/karen/Code/interviews/questions/src/utils/api/axios.js","statementMap":{"0":{"start":{"line":8,"column":16},"end":{"line":8,"column":57}},"1":{"start":{"line":10,"column":21},"end":{"line":28,"column":1}},"2":{"start":{"line":11,"column":16},"end":{"line":11,"column":51}},"3":{"start":{"line":13,"column":2},"end":{"line":27,"column":6}},"4":{"start":{"line":23,"column":8},"end":{"line":23,"column":44}},"5":{"start":{"line":36,"column":32},"end":{"line":49,"column":3}},"6":{"start":{"line":45,"column":4},"end":{"line":48,"column":50}},"7":{"start":{"line":46,"column":6},"end":{"line":48,"column":50}},"8":{"start":{"line":47,"column":22},"end":{"line":47,"column":37}},"9":{"start":{"line":48,"column":25},"end":{"line":48,"column":48}},"10":{"start":{"line":51,"column":27},"end":{"line":61,"column":1}},"11":{"start":{"line":52,"column":2},"end":{"line":58,"column":3}},"12":{"start":{"line":53,"column":4},"end":{"line":53,"column":24}},"13":{"start":{"line":55,"column":4},"end":{"line":57,"column":6}},"14":{"start":{"line":60,"column":2},"end":{"line":60,"column":17}}},"fnMap":{"0":{"name":"(anonymous_0)","decl":{"start":{"line":10,"column":21},"end":{"line":10,"column":22}},"loc":{"start":{"line":10,"column":50},"end":{"line":28,"column":1}},"line":10},"1":{"name":"(anonymous_1)","decl":{"start":{"line":22,"column":25},"end":{"line":22,"column":26}},"loc":{"start":{"line":23,"column":8},"end":{"line":23,"column":44}},"line":23},"2":{"name":"(anonymous_2)","decl":{"start":{"line":37,"column":7},"end":{"line":37,"column":8}},"loc":{"start":{"line":45,"column":4},"end":{"line":48,"column":50}},"line":45},"3":{"name":"(anonymous_3)","decl":{"start":{"line":45,"column":4},"end":{"line":45,"column":5}},"loc":{"start":{"line":46,"column":6},"end":{"line":48,"column":50}},"line":46},"4":{"name":"(anonymous_4)","decl":{"start":{"line":47,"column":14},"end":{"line":47,"column":15}},"loc":{"start":{"line":47,"column":22},"end":{"line":47,"column":37}},"line":47},"5":{"name":"(anonymous_5)","decl":{"start":{"line":48,"column":15},"end":{"line":48,"column":16}},"loc":{"start":{"line":48,"column":25},"end":{"line":48,"column":48}},"line":48},"6":{"name":"(anonymous_6)","decl":{"start":{"line":51,"column":27},"end":{"line":51,"column":28}},"loc":{"start":{"line":51,"column":39},"end":{"line":61,"column":1}},"line":51}},"branchMap":{"0":{"loc":{"start":{"line":52,"column":2},"end":{"line":58,"column":3}},"type":"if","locations":[{"start":{"line":52,"column":2},"end":{"line":58,"column":3}},{"start":{"line":52,"column":2},"end":{"line":58,"column":3}}],"line":52},"1":{"loc":{"start":{"line":52,"column":6},"end":{"line":52,"column":70}},"type":"binary-expr","locations":[{"start":{"line":52,"column":6},"end":{"line":52,"column":29}},{"start":{"line":52,"column":33},"end":{"line":52,"column":70}}],"line":52}},"s":{"0":1,"1":1,"2":0,"3":0,"4":0,"5":1,"6":5,"7":0,"8":0,"9":0,"10":1,"11":0,"12":0,"13":0,"14":0},"f":{"0":0,"1":0,"2":5,"3":0,"4":0,"5":0,"6":0},"b":{"0":[0,0],"1":[0,0]},"_coverageSchema":"332fd63041d2c1bcb487cc26dd0d5f7d97098a6c","hash":"0e3b0d3d6591d5758ca1bc829666b4910c685b7e"}
,"/Users/karen/Code/interviews/questions/src/utils/api/index.js": {"path":"/Users/karen/Code/interviews/questions/src/utils/api/index.js","statementMap":{"0":{"start":{"line":8,"column":44},"end":{"line":8,"column":60}}},"fnMap":{},"branchMap":{},"s":{"0":1},"f":{},"b":{},"_coverageSchema":"332fd63041d2c1bcb487cc26dd0d5f7d97098a6c","hash":"99d507faa7108e8ac539aa9137a2acb1437c20aa"}
}
