TN:
SF:/Users/karen/Code/interviews/questions/src/app/services/NavigationService.js
FN:5,setTopLevelNavigator
FN:9,navigate
FNF:2
FNH:0
FNDA:0,setTopLevelNavigator
FNDA:0,navigate
DA:6,0
DA:10,0
LF:2
LH:0
BRF:0
BRH:0
end_of_record
TN:
SF:/Users/karen/Code/interviews/questions/src/components/Alert/index.js
FN:6,(anonymous_0)
FNF:1
FNH:1
FNDA:4,(anonymous_0)
DA:6,1
DA:7,4
DA:9,4
LF:3
LH:3
BRDA:13,0,0,4
BRDA:13,0,1,3
BRDA:18,1,0,4
BRDA:18,1,1,2
BRDA:23,2,0,4
BRDA:23,2,1,1
BRF:6
BRH:6
end_of_record
TN:
SF:/Users/karen/Code/interviews/questions/src/components/Alert/statics/styles.js
FNF:0
FNH:0
DA:3,1
DA:5,1
LF:2
LH:2
BRF:0
BRH:0
end_of_record
TN:
SF:/Users/karen/Code/interviews/questions/src/components/Button/Button.js
FN:6,(anonymous_0)
FNF:1
FNH:1
FNDA:1,(anonymous_0)
DA:6,8
DA:7,1
DA:9,1
DA:14,1
LF:4
LH:4
BRDA:20,0,0,1
BRDA:20,0,1,0
BRDA:21,1,0,1
BRDA:21,1,1,0
BRDA:22,2,0,1
BRDA:22,2,1,0
BRDA:25,3,0,1
BRDA:25,3,1,0
BRDA:25,4,0,0
BRDA:25,4,1,0
BRDA:28,5,0,1
BRDA:28,5,1,0
BRDA:29,6,0,1
BRDA:29,6,1,0
BRF:14
BRH:6
end_of_record
TN:
SF:/Users/karen/Code/interviews/questions/src/components/Button/index.js
FN:8,(anonymous_0)
FN:17,(anonymous_1)
FN:26,(anonymous_2)
FN:42,(anonymous_3)
FN:55,(anonymous_4)
FNF:5
FNH:3
FNDA:1,(anonymous_0)
FNDA:0,(anonymous_1)
FNDA:0,(anonymous_2)
FNDA:2,(anonymous_3)
FNDA:4,(anonymous_4)
DA:9,1
DA:11,1
DA:18,0
DA:20,0
DA:27,0
DA:29,0
DA:30,0
DA:33,0
DA:34,0
DA:37,0
DA:38,0
DA:43,2
DA:44,1
DA:50,2
DA:51,2
DA:56,4
DA:58,4
DA:69,7
LF:18
LH:9
BRDA:21,0,0,0
BRDA:21,0,1,0
BRDA:22,1,0,0
BRDA:22,1,1,0
BRDA:29,2,0,0
BRDA:29,2,1,0
BRDA:33,3,0,0
BRDA:33,3,1,0
BRDA:37,4,0,0
BRDA:37,4,1,0
BRDA:43,5,0,1
BRDA:43,5,1,1
BRDA:50,6,0,2
BRDA:50,6,1,0
BRF:14
BRH:3
end_of_record
TN:
SF:/Users/karen/Code/interviews/questions/src/components/Button/statics/styles.js
FNF:0
FNH:0
LF:0
LH:0
BRF:0
BRH:0
end_of_record
TN:
SF:/Users/karen/Code/interviews/questions/src/components/EmptyCard/index.js
FN:6,(anonymous_0)
FNF:1
FNH:1
FNDA:3,(anonymous_0)
DA:6,4
DA:7,3
DA:9,3
LF:3
LH:3
BRF:0
BRH:0
end_of_record
TN:
SF:/Users/karen/Code/interviews/questions/src/components/EmptyCard/statics/styles.js
FNF:0
FNH:0
LF:0
LH:0
BRF:0
BRH:0
end_of_record
TN:
SF:/Users/karen/Code/interviews/questions/src/modules/questions/actions.js
FNF:0
FNH:0
DA:3,2
DA:4,2
DA:5,2
DA:6,2
DA:8,2
DA:9,2
LF:6
LH:6
BRF:0
BRH:0
end_of_record
TN:
SF:/Users/karen/Code/interviews/questions/src/modules/questions/constants.js
FNF:0
FNH:0
DA:1,3
LF:1
LH:1
BRF:0
BRH:0
end_of_record
TN:
SF:/Users/karen/Code/interviews/questions/src/modules/questions/helpers.js
FN:1,(anonymous_0)
FNF:1
FNH:1
FNDA:6,(anonymous_0)
DA:1,6
LF:1
LH:1
BRF:0
BRH:0
end_of_record
TN:
SF:/Users/karen/Code/interviews/questions/src/modules/questions/reducers.js
FN:13,(anonymous_0)
FN:18,(anonymous_1)
FN:24,(anonymous_2)
FN:30,(anonymous_3)
FN:38,(anonymous_4)
FNF:5
FNH:5
FNDA:1,(anonymous_0)
FNDA:1,(anonymous_1)
FNDA:1,(anonymous_2)
FNDA:1,(anonymous_3)
FNDA:1,(anonymous_4)
DA:5,1
DA:12,1
DA:13,1
DA:18,1
DA:24,1
DA:30,1
DA:38,1
LF:7
LH:7
BRF:0
BRH:0
end_of_record
TN:
SF:/Users/karen/Code/interviews/questions/src/modules/questions/sagas.js
FN:7,fetchAllWorker
FN:22,fetchAllWatcher
FNF:2
FNH:1
FNDA:2,fetchAllWorker
FNDA:0,fetchAllWatcher
DA:8,2
DA:10,2
DA:12,2
DA:13,1
DA:14,1
DA:17,1
DA:19,1
DA:23,0
LF:8
LH:7
BRDA:12,0,0,1
BRDA:12,0,1,1
BRDA:12,1,0,2
BRDA:12,1,1,1
BRF:4
BRH:4
end_of_record
TN:
SF:/Users/karen/Code/interviews/questions/src/modules/questions/selectors.js
FN:4,(anonymous_0)
FN:5,(anonymous_1)
FN:6,(anonymous_2)
FN:7,(anonymous_3)
FN:11,(anonymous_4)
FN:12,(anonymous_5)
FNF:6
FNH:6
FNDA:1,(anonymous_0)
FNDA:2,(anonymous_1)
FNDA:1,(anonymous_2)
FNDA:1,(anonymous_3)
FNDA:1,(anonymous_4)
FNDA:3,(anonymous_5)
DA:4,1
DA:5,2
DA:6,1
DA:7,1
DA:9,1
DA:11,1
DA:12,3
LF:7
LH:7
BRF:0
BRH:0
end_of_record
TN:
SF:/Users/karen/Code/interviews/questions/src/modules/questions/components/List/List.js
FN:7,(anonymous_0)
FNF:1
FNH:1
FNDA:4,(anonymous_0)
DA:7,2
DA:8,4
DA:10,4
DA:12,1
DA:15,1
DA:18,1
DA:21,1
LF:7
LH:7
BRDA:10,0,0,1
BRDA:10,0,1,1
BRDA:10,0,2,1
BRDA:10,0,3,1
BRF:4
BRH:4
end_of_record
TN:
SF:/Users/karen/Code/interviews/questions/src/modules/questions/components/List/index.js
FN:7,(anonymous_0)
FN:15,(anonymous_1)
FN:23,(anonymous_2)
FNF:3
FNH:3
FNDA:1,(anonymous_0)
FNDA:3,(anonymous_1)
FNDA:7,(anonymous_2)
DA:8,1
DA:10,1
DA:16,3
DA:18,3
DA:24,7
DA:26,7
LF:6
LH:6
BRDA:19,0,0,2
BRDA:19,0,1,1
BRF:2
BRH:2
end_of_record
TN:
SF:/Users/karen/Code/interviews/questions/src/modules/questions/components/StepTemplate/index.js
FN:6,(anonymous_0)
FNF:1
FNH:1
FNDA:3,(anonymous_0)
DA:6,7
DA:7,3
DA:9,3
LF:3
LH:3
BRF:0
BRH:0
end_of_record
TN:
SF:/Users/karen/Code/interviews/questions/src/modules/questions/components/StepTemplate/statics/styles.js
FNF:0
FNH:0
LF:0
LH:0
BRF:0
BRH:0
end_of_record
TN:
SF:/Users/karen/Code/interviews/questions/src/modules/questions/components/Steps/Question/Question.js
FN:9,(anonymous_0)
FN:28,(anonymous_1)
FN:33,(anonymous_2)
FNF:3
FNH:0
FNDA:0,(anonymous_0)
FNDA:0,(anonymous_1)
FNDA:0,(anonymous_2)
DA:9,3
DA:10,0
DA:13,0
DA:19,0
DA:28,0
DA:33,0
DA:38,0
LF:7
LH:1
BRF:0
BRH:0
end_of_record
TN:
SF:/Users/karen/Code/interviews/questions/src/modules/questions/components/Steps/Question/index.js
FN:8,(anonymous_0)
FN:16,(anonymous_1)
FN:35,(anonymous_2)
FNF:3
FNH:3
FNDA:1,(anonymous_0)
FNDA:2,(anonymous_1)
FNDA:4,(anonymous_2)
DA:9,1
DA:11,1
DA:17,2
DA:18,2
DA:20,2
DA:24,2
DA:25,2
DA:26,0
DA:29,0
DA:30,0
DA:36,4
DA:37,4
DA:39,4
DA:41,4
LF:14
LH:11
BRDA:24,0,0,2
BRDA:24,0,1,0
BRDA:25,1,0,0
BRDA:25,1,1,2
BRDA:29,2,0,0
BRDA:29,2,1,0
BRF:6
BRH:2
end_of_record
TN:
SF:/Users/karen/Code/interviews/questions/src/modules/questions/components/Steps/Question/statics/styles.js
FNF:0
FNH:0
LF:0
LH:0
BRF:0
BRH:0
end_of_record
TN:
SF:/Users/karen/Code/interviews/questions/src/modules/questions/components/Steps/Results/Results.js
FN:9,(anonymous_0)
FN:29,(anonymous_1)
FNF:2
FNH:2
FNDA:1,(anonymous_0)
FNDA:1,(anonymous_1)
DA:9,4
DA:10,1
DA:13,1
DA:22,1
DA:25,1
DA:30,1
LF:6
LH:6
BRDA:31,0,0,1
BRDA:31,0,1,0
BRF:2
BRH:1
end_of_record
TN:
SF:/Users/karen/Code/interviews/questions/src/modules/questions/components/Steps/Results/index.js
FN:6,(anonymous_0)
FN:13,(anonymous_1)
FN:19,(anonymous_2)
FNF:3
FNH:1
FNDA:0,(anonymous_0)
FNDA:0,(anonymous_1)
FNDA:1,(anonymous_2)
DA:7,0
DA:8,0
DA:9,0
DA:14,0
DA:15,0
DA:20,1
LF:6
LH:1
BRDA:7,0,0,0
BRDA:7,0,1,0
BRDA:7,1,0,0
BRDA:7,1,1,0
BRDA:14,2,0,0
BRDA:14,2,1,0
BRF:6
BRH:0
end_of_record
TN:
SF:/Users/karen/Code/interviews/questions/src/modules/questions/components/Steps/Results/statics/styles.js
FNF:0
FNH:0
LF:0
LH:0
BRF:0
BRH:0
end_of_record
TN:
SF:/Users/karen/Code/interviews/questions/src/modules/questions/components/Steps/Welcome/index.js
FN:10,(anonymous_0)
FN:18,(anonymous_1)
FNF:2
FNH:1
FNDA:1,(anonymous_0)
FNDA:0,(anonymous_1)
DA:10,3
DA:11,1
DA:14,1
DA:18,0
DA:22,1
LF:5
LH:4
BRF:0
BRH:0
end_of_record
TN:
SF:/Users/karen/Code/interviews/questions/src/modules/questions/components/Steps/Welcome/statics/styles.js
FNF:0
FNH:0
LF:0
LH:0
BRF:0
BRH:0
end_of_record
TN:
SF:/Users/karen/Code/interviews/questions/src/modules/splash/index.js
FN:7,(anonymous_0)
FN:14,(anonymous_1)
FN:18,(anonymous_2)
FNF:3
FNH:1
FNDA:0,(anonymous_0)
FNDA:0,(anonymous_1)
FNDA:1,(anonymous_2)
DA:9,0
DA:15,0
DA:19,1
LF:3
LH:1
BRF:0
BRH:0
end_of_record
TN:
SF:/Users/karen/Code/interviews/questions/src/modules/splash/statics/styles.js
FNF:0
FNH:0
DA:3,1
LF:1
LH:1
BRF:0
BRH:0
end_of_record
TN:
SF:/Users/karen/Code/interviews/questions/src/utils/api/axios.js
FN:10,(anonymous_0)
FN:22,(anonymous_1)
FN:37,(anonymous_2)
FN:45,(anonymous_3)
FN:47,(anonymous_4)
FN:48,(anonymous_5)
FN:51,(anonymous_6)
FNF:7
FNH:1
FNDA:0,(anonymous_0)
FNDA:0,(anonymous_1)
FNDA:5,(anonymous_2)
FNDA:0,(anonymous_3)
FNDA:0,(anonymous_4)
FNDA:0,(anonymous_5)
FNDA:0,(anonymous_6)
DA:8,1
DA:10,1
DA:11,0
DA:13,0
DA:23,0
DA:36,1
DA:45,5
DA:46,0
DA:47,0
DA:48,0
DA:51,1
DA:52,0
DA:53,0
DA:55,0
DA:60,0
LF:15
LH:5
BRDA:52,0,0,0
BRDA:52,0,1,0
BRDA:52,1,0,0
BRDA:52,1,1,0
BRF:4
BRH:0
end_of_record
TN:
SF:/Users/karen/Code/interviews/questions/src/utils/api/index.js
FNF:0
FNH:0
DA:8,1
LF:1
LH:1
BRF:0
BRH:0
end_of_record
